0 info it worked if it ends with ok
1 verbose cli [ '/usr/bin/nodejs', '/usr/local/bin/npm', 'run', 'babel-node' ]
2 info using npm@3.10.8
3 info using node@v4.2.6
4 verbose run-script [ 'prebabel-node', 'babel-node', 'postbabel-node' ]
5 info lifecycle koprulu@1.0.0~prebabel-node: koprulu@1.0.0
6 silly lifecycle koprulu@1.0.0~prebabel-node: no script for prebabel-node, continuing
7 info lifecycle koprulu@1.0.0~babel-node: koprulu@1.0.0
8 verbose lifecycle koprulu@1.0.0~babel-node: unsafe-perm in lifecycle true
9 verbose lifecycle koprulu@1.0.0~babel-node: PATH: /usr/local/lib/node_modules/npm/bin/node-gyp-bin:/home/rj-d-ev/workspace/koprulu/node_modules/.bin:/usr/local/sbin:/usr/local/bin:/usr/sbin:/usr/bin:/sbin:/bin:/usr/games:/usr/local/games:/snap/bin
10 verbose lifecycle koprulu@1.0.0~babel-node: CWD: /home/rj-d-ev/workspace/koprulu
11 silly lifecycle koprulu@1.0.0~babel-node: Args: [ '-c',
11 silly lifecycle   'babel-node server.js --watch --presets=es2015 -- ignore=node_modules' ]
12 silly lifecycle koprulu@1.0.0~babel-node: Returned: code: 1  signal: null
13 info lifecycle koprulu@1.0.0~babel-node: Failed to exec babel-node script
14 verbose stack Error: koprulu@1.0.0 babel-node: `babel-node server.js --watch --presets=es2015 -- ignore=node_modules`
14 verbose stack Exit status 1
14 verbose stack     at EventEmitter.<anonymous> (/usr/local/lib/node_modules/npm/lib/utils/lifecycle.js:255:16)
14 verbose stack     at emitTwo (events.js:87:13)
14 verbose stack     at EventEmitter.emit (events.js:172:7)
14 verbose stack     at ChildProcess.<anonymous> (/usr/local/lib/node_modules/npm/lib/utils/spawn.js:40:14)
14 verbose stack     at emitTwo (events.js:87:13)
14 verbose stack     at ChildProcess.emit (events.js:172:7)
14 verbose stack     at maybeClose (internal/child_process.js:821:16)
14 verbose stack     at Process.ChildProcess._handle.onexit (internal/child_process.js:211:5)
15 verbose pkgid koprulu@1.0.0
16 verbose cwd /home/rj-d-ev/workspace/koprulu
17 error Linux 4.4.0-42-generic
18 error argv "/usr/bin/nodejs" "/usr/local/bin/npm" "run" "babel-node"
19 error node v4.2.6
20 error npm  v3.10.8
21 error code ELIFECYCLE
22 error koprulu@1.0.0 babel-node: `babel-node server.js --watch --presets=es2015 -- ignore=node_modules`
22 error Exit status 1
23 error Failed at the koprulu@1.0.0 babel-node script 'babel-node server.js --watch --presets=es2015 -- ignore=node_modules'.
23 error Make sure you have the latest version of node.js and npm installed.
23 error If you do, this is most likely a problem with the koprulu package,
23 error not with npm itself.
23 error Tell the author that this fails on your system:
23 error     babel-node server.js --watch --presets=es2015 -- ignore=node_modules
23 error You can get information on how to open an issue for this project with:
23 error     npm bugs koprulu
23 error Or if that isn't available, you can get their info via:
23 error     npm owner ls koprulu
23 error There is likely additional logging output above.
24 verbose exit [ 1, true ]
